[0m20:18:53.282943 [debug] [MainThread]: Sending event: {'category': 'dbt', 'action': 'invocation', 'label': 'start', 'context': [<snowplow_tracker.self_describing_json.SelfDescribingJson object at 0x7f2e519474d0>, <snowplow_tracker.self_describing_json.SelfDescribingJson object at 0x7f2e51944410>, <snowplow_tracker.self_describing_json.SelfDescribingJson object at 0x7f2e4eaab990>]}


============================== 20:18:53.285330 | dc34b64b-959f-43e7-be34-e06737b43b66 ==============================
[0m20:18:53.285330 [info ] [MainThread]: Running with dbt=1.9.6
[0m20:18:53.285815 [debug] [MainThread]: running dbt with arguments {'printer_width': '80', 'indirect_selection': 'eager', 'log_cache_events': 'False', 'write_json': 'True', 'partial_parse': 'True', 'cache_selected_only': 'False', 'profiles_dir': '/home/shern/.dbt', 'debug': 'False', 'fail_fast': 'False', 'log_path': 'logs', 'warn_error': 'None', 'version_check': 'True', 'use_colors': 'True', 'use_experimental_parser': 'False', 'empty': 'None', 'quiet': 'False', 'no_print': 'None', 'warn_error_options': 'WarnErrorOptions(include=[], exclude=[])', 'introspect': 'True', 'invocation_command': 'dbt init london_bicycles_dbt', 'static_parser': 'True', 'target_path': 'None', 'log_format': 'default', 'send_anonymous_usage_stats': 'True'}
[0m20:18:53.290935 [debug] [MainThread]: Starter project path: /home/shern/anaconda3/envs/dagster/lib/python3.11/site-packages/dbt/include/starter_project
[0m20:18:53.294827 [info ] [MainThread]: 
Your new dbt project "london_bicycles_dbt" was created!

For more information on how to configure the profiles.yml file,
please consult the dbt documentation here:

  https://docs.getdbt.com/docs/configure-your-profile

One more thing:

Need help? Don't hesitate to reach out to us via GitHub issues or on Slack:

  https://community.getdbt.com/

Happy modeling!

[0m20:18:53.295356 [info ] [MainThread]: Setting up your profile.
[0m20:20:28.046178 [info ] [MainThread]: Profile london_bicycles_dbt written to /home/shern/.dbt/profiles.yml using target's profile_template.yml and your supplied values. Run 'dbt debug' to validate the connection.
[0m20:20:28.047560 [debug] [MainThread]: Resource report: {"command_name": "init", "command_success": true, "command_wall_clock_time": 94.81076, "process_in_blocks": "0", "process_kernel_time": 1.234004, "process_mem_max_rss": "428584", "process_out_blocks": "8", "process_user_time": 4.912057}
[0m20:20:28.048180 [debug] [MainThread]: Command `dbt init` succeeded at 20:20:28.048100 after 94.81 seconds
[0m20:20:28.048606 [debug] [MainThread]: Sending event: {'category': 'dbt', 'action': 'invocation', 'label': 'end', 'context': [<snowplow_tracker.self_describing_json.SelfDescribingJson object at 0x7f2e4eb248d0>, <snowplow_tracker.self_describing_json.SelfDescribingJson object at 0x7f2e26350890>, <snowplow_tracker.self_describing_json.SelfDescribingJson object at 0x7f2e4eaab6d0>]}
[0m20:20:28.049231 [debug] [MainThread]: Flushing usage events
[0m20:20:29.305299 [debug] [MainThread]: An error was encountered while trying to flush usage events
[0m20:30:21.017267 [debug] [MainThread]: Sending event: {'category': 'dbt', 'action': 'invocation', 'label': 'start', 'context': [<snowplow_tracker.self_describing_json.SelfDescribingJson object at 0x7f5e436afa10>, <snowplow_tracker.self_describing_json.SelfDescribingJson object at 0x7f5e436ac690>, <snowplow_tracker.self_describing_json.SelfDescribingJson object at 0x7f5e436af710>]}


============================== 20:30:21.019869 | 38963357-7671-4222-9dc2-a893ccc86ef9 ==============================
[0m20:30:21.019869 [info ] [MainThread]: Running with dbt=1.9.6
[0m20:30:21.020764 [debug] [MainThread]: running dbt with arguments {'printer_width': '80', 'indirect_selection': 'eager', 'write_json': 'True', 'log_cache_events': 'False', 'partial_parse': 'True', 'cache_selected_only': 'False', 'profiles_dir': '/home/shern/.dbt', 'debug': 'False', 'fail_fast': 'False', 'log_path': 'logs', 'version_check': 'True', 'warn_error': 'None', 'use_colors': 'True', 'use_experimental_parser': 'False', 'no_print': 'None', 'quiet': 'False', 'empty': 'None', 'warn_error_options': 'WarnErrorOptions(include=[], exclude=[])', 'invocation_command': 'dbt debug', 'static_parser': 'True', 'introspect': 'True', 'target_path': 'None', 'log_format': 'default', 'send_anonymous_usage_stats': 'True'}
[0m20:30:21.025970 [info ] [MainThread]: dbt version: 1.9.6
[0m20:30:21.026445 [info ] [MainThread]: python version: 3.11.13
[0m20:30:21.026844 [info ] [MainThread]: python path: /home/shern/anaconda3/envs/dagster/bin/python
[0m20:30:21.027314 [info ] [MainThread]: os info: Linux-5.15.0-139-generic-x86_64-with-glibc2.31
[0m20:30:26.402152 [info ] [MainThread]: Using profiles dir at /home/shern/.dbt
[0m20:30:26.402956 [info ] [MainThread]: Using profiles.yml file at /home/shern/.dbt/profiles.yml
[0m20:30:26.403422 [info ] [MainThread]: Using dbt_project.yml file at /mnt/40121FB8121FB1C0/Shared Files/My Documents (Ubuntu)/repo/su-ntu-ctp/module2_assignment_project/london_bicycles/dbt_project.yml
[0m20:30:26.404127 [error] [MainThread]: Encountered an error:
Internal Error
  Profile should not be None if loading profile completed
[0m20:30:26.404604 [debug] [MainThread]: Resource report: {"command_name": "debug", "command_success": false, "command_wall_clock_time": 5.434799, "process_in_blocks": "0", "process_kernel_time": 1.429181, "process_mem_max_rss": "427924", "process_out_blocks": "0", "process_user_time": 5.038066}
[0m20:30:26.405263 [debug] [MainThread]: Command `dbt debug` failed at 20:30:26.405178 after 5.44 seconds
[0m20:30:26.405654 [debug] [MainThread]: Sending event: {'category': 'dbt', 'action': 'invocation', 'label': 'end', 'context': [<snowplow_tracker.self_describing_json.SelfDescribingJson object at 0x7f5e438ec250>, <snowplow_tracker.self_describing_json.SelfDescribingJson object at 0x7f5e436ab9d0>, <snowplow_tracker.self_describing_json.SelfDescribingJson object at 0x7f5e436ab650>]}
[0m20:30:26.406069 [debug] [MainThread]: Flushing usage events
[0m20:30:27.460436 [debug] [MainThread]: An error was encountered while trying to flush usage events
[0m20:31:01.576718 [debug] [MainThread]: Sending event: {'category': 'dbt', 'action': 'invocation', 'label': 'start', 'context': [<snowplow_tracker.self_describing_json.SelfDescribingJson object at 0x7ff172fb22d0>, <snowplow_tracker.self_describing_json.SelfDescribingJson object at 0x7ff172fb2250>, <snowplow_tracker.self_describing_json.SelfDescribingJson object at 0x7ff172fb2110>]}


============================== 20:31:01.579055 | 98aff20d-8d42-4aab-ab83-b47e376e8d57 ==============================
[0m20:31:01.579055 [info ] [MainThread]: Running with dbt=1.9.6
[0m20:31:01.579928 [debug] [MainThread]: running dbt with arguments {'printer_width': '80', 'indirect_selection': 'eager', 'log_cache_events': 'False', 'write_json': 'True', 'partial_parse': 'True', 'cache_selected_only': 'False', 'profiles_dir': '/home/shern/.dbt', 'version_check': 'True', 'debug': 'False', 'log_path': 'logs', 'warn_error': 'None', 'fail_fast': 'False', 'use_colors': 'True', 'use_experimental_parser': 'False', 'no_print': 'None', 'quiet': 'False', 'empty': 'None', 'warn_error_options': 'WarnErrorOptions(include=[], exclude=[])', 'static_parser': 'True', 'invocation_command': 'dbt debug', 'introspect': 'True', 'target_path': 'None', 'log_format': 'default', 'send_anonymous_usage_stats': 'True'}
[0m20:31:01.585754 [info ] [MainThread]: dbt version: 1.9.6
[0m20:31:01.586563 [info ] [MainThread]: python version: 3.11.13
[0m20:31:01.587030 [info ] [MainThread]: python path: /home/shern/anaconda3/envs/dagster/bin/python
[0m20:31:01.587392 [info ] [MainThread]: os info: Linux-5.15.0-139-generic-x86_64-with-glibc2.31
[0m20:31:06.958581 [info ] [MainThread]: Using profiles dir at /home/shern/.dbt
[0m20:31:06.959286 [info ] [MainThread]: Using profiles.yml file at /home/shern/.dbt/profiles.yml
[0m20:31:06.959673 [info ] [MainThread]: Using dbt_project.yml file at /mnt/40121FB8121FB1C0/Shared Files/My Documents (Ubuntu)/repo/su-ntu-ctp/module2_assignment_project/london_bicycles/dbt_project.yml
[0m20:31:06.960123 [error] [MainThread]: Encountered an error:
Internal Error
  Profile should not be None if loading profile completed
[0m20:31:06.960608 [debug] [MainThread]: Resource report: {"command_name": "debug", "command_success": false, "command_wall_clock_time": 5.4311523, "process_in_blocks": "0", "process_kernel_time": 1.453575, "process_mem_max_rss": "427452", "process_out_blocks": "0", "process_user_time": 4.979694}
[0m20:31:06.961144 [debug] [MainThread]: Command `dbt debug` failed at 20:31:06.961062 after 5.43 seconds
[0m20:31:06.961503 [debug] [MainThread]: Sending event: {'category': 'dbt', 'action': 'invocation', 'label': 'end', 'context': [<snowplow_tracker.self_describing_json.SelfDescribingJson object at 0x7ff17300f3d0>, <snowplow_tracker.self_describing_json.SelfDescribingJson object at 0x7ff173197710>, <snowplow_tracker.self_describing_json.SelfDescribingJson object at 0x7ff14a723050>]}
[0m20:31:06.961869 [debug] [MainThread]: Flushing usage events
[0m20:31:08.163026 [debug] [MainThread]: An error was encountered while trying to flush usage events
[0m09:09:50.599030 [debug] [MainThread]: Sending event: {'category': 'dbt', 'action': 'invocation', 'label': 'start', 'context': [<snowplow_tracker.self_describing_json.SelfDescribingJson object at 0x7f6dd03eff10>, <snowplow_tracker.self_describing_json.SelfDescribingJson object at 0x7f6dd0384b90>, <snowplow_tracker.self_describing_json.SelfDescribingJson object at 0x7f6dd0398b90>]}


============================== 09:09:50.948614 | f1266d4a-36a9-424f-8104-7110b0037302 ==============================
[0m09:09:50.948614 [info ] [MainThread]: Running with dbt=1.9.6
[0m09:09:50.952530 [debug] [MainThread]: running dbt with arguments {'printer_width': '80', 'indirect_selection': 'eager', 'write_json': 'True', 'log_cache_events': 'False', 'partial_parse': 'True', 'cache_selected_only': 'False', 'profiles_dir': '/home/shern/.dbt', 'version_check': 'True', 'fail_fast': 'False', 'log_path': 'logs', 'debug': 'False', 'warn_error': 'None', 'use_colors': 'True', 'use_experimental_parser': 'False', 'empty': 'None', 'quiet': 'False', 'no_print': 'None', 'log_format': 'default', 'introspect': 'True', 'warn_error_options': 'WarnErrorOptions(include=[], exclude=[])', 'invocation_command': 'dbt debug', 'target_path': 'None', 'static_parser': 'True', 'send_anonymous_usage_stats': 'True'}
[0m09:09:50.980012 [info ] [MainThread]: dbt version: 1.9.6
[0m09:09:50.981252 [info ] [MainThread]: python version: 3.11.13
[0m09:09:50.982259 [info ] [MainThread]: python path: /home/shern/anaconda3/envs/dagster/bin/python
[0m09:09:50.983131 [info ] [MainThread]: os info: Linux-5.15.0-139-generic-x86_64-with-glibc2.31
[0m09:09:58.196298 [info ] [MainThread]: Using profiles dir at /home/shern/.dbt
[0m09:09:58.197261 [info ] [MainThread]: Using profiles.yml file at /home/shern/.dbt/profiles.yml
[0m09:09:58.198027 [info ] [MainThread]: Using dbt_project.yml file at /mnt/40121FB8121FB1C0/Shared Files/My Documents (Ubuntu)/repo/su-ntu-ctp/module2_assignment_project/london_bicycles/dbt_project.yml
[0m09:09:58.198858 [error] [MainThread]: Encountered an error:
Internal Error
  Profile should not be None if loading profile completed
[0m09:09:58.199813 [debug] [MainThread]: Resource report: {"command_name": "debug", "command_success": false, "command_wall_clock_time": 7.6527104, "process_in_blocks": "0", "process_kernel_time": 1.965206, "process_mem_max_rss": "427044", "process_out_blocks": "0", "process_user_time": 6.814314}
[0m09:09:58.200829 [debug] [MainThread]: Command `dbt debug` failed at 09:09:58.200675 after 7.65 seconds
[0m09:09:58.201509 [debug] [MainThread]: Sending event: {'category': 'dbt', 'action': 'invocation', 'label': 'end', 'context': [<snowplow_tracker.self_describing_json.SelfDescribingJson object at 0x7f6dd0384110>, <snowplow_tracker.self_describing_json.SelfDescribingJson object at 0x7f6dd0398750>, <snowplow_tracker.self_describing_json.SelfDescribingJson object at 0x7f6da7a63dd0>]}
[0m09:09:58.202208 [debug] [MainThread]: Flushing usage events
[0m09:09:59.956165 [debug] [MainThread]: An error was encountered while trying to flush usage events
[0m09:33:01.975894 [debug] [MainThread]: Sending event: {'category': 'dbt', 'action': 'invocation', 'label': 'start', 'context': [<snowplow_tracker.self_describing_json.SelfDescribingJson object at 0x7f2b01a605d0>, <snowplow_tracker.self_describing_json.SelfDescribingJson object at 0x7f2b01a94910>, <snowplow_tracker.self_describing_json.SelfDescribingJson object at 0x7f2b01a96590>]}


============================== 09:33:01.978529 | d5f4a35a-07f1-484e-bb7d-8e6a57a16cf2 ==============================
[0m09:33:01.978529 [info ] [MainThread]: Running with dbt=1.9.6
[0m09:33:01.979475 [debug] [MainThread]: running dbt with arguments {'printer_width': '80', 'indirect_selection': 'eager', 'write_json': 'True', 'log_cache_events': 'False', 'partial_parse': 'True', 'cache_selected_only': 'False', 'profiles_dir': '/home/shern/.dbt', 'version_check': 'True', 'warn_error': 'None', 'log_path': 'logs', 'fail_fast': 'False', 'debug': 'False', 'use_colors': 'True', 'use_experimental_parser': 'False', 'no_print': 'None', 'quiet': 'False', 'empty': 'None', 'log_format': 'default', 'static_parser': 'True', 'introspect': 'True', 'invocation_command': 'dbt debug', 'target_path': 'None', 'warn_error_options': 'WarnErrorOptions(include=[], exclude=[])', 'send_anonymous_usage_stats': 'True'}
[0m09:33:01.985185 [info ] [MainThread]: dbt version: 1.9.6
[0m09:33:01.986399 [info ] [MainThread]: python version: 3.11.13
[0m09:33:01.987135 [info ] [MainThread]: python path: /home/shern/anaconda3/envs/dagster/bin/python
[0m09:33:01.987717 [info ] [MainThread]: os info: Linux-5.15.0-139-generic-x86_64-with-glibc2.31
[0m09:33:08.409162 [info ] [MainThread]: Using profiles dir at /home/shern/.dbt
[0m09:33:08.410275 [info ] [MainThread]: Using profiles.yml file at /home/shern/.dbt/profiles.yml
[0m09:33:08.411341 [info ] [MainThread]: Using dbt_project.yml file at /mnt/40121FB8121FB1C0/Shared Files/My Documents (Ubuntu)/repo/su-ntu-ctp/module2_assignment_project/london_bicycles/dbt_project.yml
[0m09:33:08.412210 [error] [MainThread]: Encountered an error:
Internal Error
  Profile should not be None if loading profile completed
[0m09:33:08.413253 [debug] [MainThread]: Resource report: {"command_name": "debug", "command_success": false, "command_wall_clock_time": 6.4867163, "process_in_blocks": "0", "process_kernel_time": 1.644331, "process_mem_max_rss": "427336", "process_out_blocks": "0", "process_user_time": 5.97467}
[0m09:33:08.414044 [debug] [MainThread]: Command `dbt debug` failed at 09:33:08.413917 after 6.49 seconds
[0m09:33:08.414687 [debug] [MainThread]: Sending event: {'category': 'dbt', 'action': 'invocation', 'label': 'end', 'context': [<snowplow_tracker.self_describing_json.SelfDescribingJson object at 0x7f2b01ab7a90>, <snowplow_tracker.self_describing_json.SelfDescribingJson object at 0x7f2b01972410>, <snowplow_tracker.self_describing_json.SelfDescribingJson object at 0x7f2b01a47850>]}
[0m09:33:08.415557 [debug] [MainThread]: Flushing usage events
[0m09:33:10.955591 [debug] [MainThread]: An error was encountered while trying to flush usage events
